<?xml version="1.0" encoding="UTF-8"?>
<testng-results ignored="0" total="2" passed="2" failed="0" skipped="0">
  <reporter-output>
    <line>
      <![CDATA[Browser Opened]]>
    </line>
    <line>
      <![CDATA[Application]]>
    </line>
    <line>
      <![CDATA[Application Opened Opened]]>
    </line>
    <line>
      <![CDATA[Browser Opened]]>
    </line>
    <line>
      <![CDATA[Application]]>
    </line>
    <line>
      <![CDATA[Application Opened Opened]]>
    </line>
  </reporter-output>
  <suite started-at="2020-12-10T10:24:15 PKT" name="Suite" finished-at="2020-12-10T10:24:36 PKT" duration-ms="21666">
    <groups>
    </groups>
    <test started-at="2020-12-10T10:24:15 PKT" name="FireFoxTestCase" finished-at="2020-12-10T10:24:36 PKT" duration-ms="21666">
      <class name="AutomationFrameWork.TestCases.TestCase1">
        <test-method signature="TC1(java.lang.String)[pri:0, instance:AutomationFrameWork.TestCases.TestCase1@6ab778a]" started-at="2020-12-10T10:24:15 PKT" name="TC1" finished-at="2020-12-10T10:24:29 PKT" duration-ms="14444" status="PASS">
          <params>
            <param index="0">
              <value>
                <![CDATA[chrome]]>
              </value>
            </param>
          </params>
          <reporter-output>
            <line>
              <![CDATA[Browser Opened]]>
            </line>
            <line>
              <![CDATA[Application]]>
            </line>
            <line>
              <![CDATA[Application Opened Opened]]>
            </line>
          </reporter-output>
        </test-method> <!-- TC1 -->
        <test-method signature="TC2(java.lang.String)[pri:0, instance:AutomationFrameWork.TestCases.TestCase1@6ab778a]" started-at="2020-12-10T10:24:29 PKT" name="TC2" finished-at="2020-12-10T10:24:36 PKT" duration-ms="7196" status="PASS">
          <params>
            <param index="0">
              <value>
                <![CDATA[chrome]]>
              </value>
            </param>
          </params>
          <reporter-output>
            <line>
              <![CDATA[Browser Opened]]>
            </line>
            <line>
              <![CDATA[Application]]>
            </line>
            <line>
              <![CDATA[Application Opened Opened]]>
            </line>
          </reporter-output>
        </test-method> <!-- TC2 -->
      </class> <!-- AutomationFrameWork.TestCases.TestCase1 -->
    </test> <!-- FireFoxTestCase -->
  </suite> <!-- Suite -->
</testng-results>
