<?xml version="1.0" encoding="UTF-8"?>
<!-- Generated by org.testng.reporters.JUnitXMLReporter -->
<testsuite ignored="5" hostname="KHI-PSW-0016" failures="0" tests="1" name="FireFoxTestCase" time="58.214" errors="0" timestamp="2021-02-15T14:55:24 PKT">
  <testcase classname="AutomationFrameWork.TestCases.TestCase1" name="TC6" time="57.921"/>
  <testcase classname="AutomationFrameWork.TestCases.TestCase1" name="TC3" time="0.0">
    <ignored/>
  </testcase> <!-- TC3 -->
  <testcase classname="AutomationFrameWork.TestCases.TestCase1" name="TC4" time="0.0">
    <ignored/>
  </testcase> <!-- TC4 -->
  <testcase classname="AutomationFrameWork.TestCases.TestCase1" name="TC5" time="0.0">
    <ignored/>
  </testcase> <!-- TC5 -->
  <testcase classname="AutomationFrameWork.TestCases.TestCase1" name="TC1" time="0.0">
    <ignored/>
  </testcase> <!-- TC1 -->
  <testcase classname="AutomationFrameWork.TestCases.TestCase1" name="TC2" time="0.0">
    <ignored/>
  </testcase> <!-- TC2 -->
</testsuite> <!-- FireFoxTestCase -->
